Release 14.2 - ngc2edif P.28xd (nt64)
Copyright (c) 1995-2012 Xilinx, Inc.  All rights reserved.
Reading design top.ngc ...
WARNING:NetListWriters:298 - No output is written to top.xncf, ignored.
Processing design ...
   Preping design's networks ...
   Preping design's macros ...
  finished :Prep
Writing EDIF netlist file top.edif ...
ngc2edif: Total memory usage is 95176 kilobytes

Release 14.2 - ngc2edif P.28xd (nt64)
Copyright (c) 1995-2012 Xilinx, Inc.  All rights reserved.
Reading design asyncfifo_16d_8w.ngc ...
WARNING:NetListWriters:298 - No output is written to asyncfifo_16d_8w.xncf,
   ignored.
Processing design ...
   Preping design's networks ...
   Preping design's macros ...
  finished :Prep
Writing EDIF netlist file asyncfifo_16d_8w.edif ...
ngc2edif: Total memory usage is 92808 kilobytes

Release 14.2 - ngc2edif P.28xd (nt64)
Copyright (c) 1995-2012 Xilinx, Inc.  All rights reserved.
Reading design gigabit_mac.ngc ...
WARNING:NetListWriters:298 - No output is written to gigabit_mac.xncf, ignored.
Processing design ...
   Preping design's networks ...
   Preping design's macros ...
  finished :Prep
Writing EDIF netlist file gigabit_mac.edif ...
ngc2edif: Total memory usage is 92132 kilobytes

Release 14.2 - ngc2edif P.28xd (nt64)
Copyright (c) 1995-2012 Xilinx, Inc.  All rights reserved.
Reading design rom_256d_8w.ngc ...
WARNING:NetListWriters:298 - No output is written to rom_256d_8w.xncf, ignored.
Processing design ...
   Preping design's networks ...
   Preping design's macros ...
  finished :Prep
Writing EDIF netlist file rom_256d_8w.edif ...
ngc2edif: Total memory usage is 92836 kilobytes

